{
  "RSpec": {
    "coverage": {
      "/Users/fijimunkii/Projects/kinder/config/environments/test.rb": [
        1,
        null,
        null,
        null,
        null,
        null,
        null,
        1,
        null,
        null,
        1,
        1,
        null,
        null,
        1,
        null,
        null,
        1,
        1,
        null,
        null,
        1,
        null,
        null,
        1,
        null,
        null,
        null,
        null,
        1,
        null,
        null,
        1,
        null,
        null,
        1,
        null
      ],
      "/Users/fijimunkii/Projects/kinder/config/initializers/backtrace_silencers.rb": [
        null,
        null,
        null,
        null,
        null,
        null,
        null
      ],
      "/Users/fijimunkii/Projects/kinder/config/initializers/inflections.rb": [
        null,
        null,
        null,
        null,
        null,
        null,
        null,
        null,
        null,
        null,
        null,
        null,
        null,
        null,
        null
      ],
      "/Users/fijimunkii/Projects/kinder/config/initializers/mime_types.rb": [
        null,
        null,
        null,
        null,
        null
      ],
      "/Users/fijimunkii/Projects/kinder/config/initializers/omniauth.rb": [
        1,
        1,
        null,
        null,
        null,
        1
      ],
      "/Users/fijimunkii/Projects/kinder/app/controllers/users_controller.rb": [
        1,
        null,
        1,
        0,
        0,
        null,
        null,
        1,
        0,
        0,
        null,
        null,
        1,
        0,
        null,
        0,
        0,
        null,
        0,
        null,
        null,
        null,
        1,
        0,
        null,
        0,
        0,
        null,
        0,
        null,
        null,
        null,
        1,
        0,
        0,
        0,
        null,
        null
      ],
      "/Users/fijimunkii/Projects/kinder/app/controllers/application_controller.rb": [
        1,
        1,
        null,
        1,
        null,
        1,
        1,
        null,
        1,
        null
      ],
      "/Users/fijimunkii/Projects/kinder/app/helpers/application_helper.rb": [
        1,
        null
      ],
      "/Users/fijimunkii/Projects/kinder/app/helpers/likes_helper.rb": [
        1,
        null
      ],
      "/Users/fijimunkii/Projects/kinder/app/helpers/users_helper.rb": [
        1,
        null
      ],
      "/Users/fijimunkii/Projects/kinder/app/helpers/welcome_helper.rb": [
        1,
        null
      ],
      "/Users/fijimunkii/Projects/kinder/config/initializers/secret_token.rb": [
        null,
        null,
        null,
        null,
        null,
        null,
        1
      ],
      "/Users/fijimunkii/Projects/kinder/config/initializers/session_store.rb": [
        null,
        null,
        1,
        null,
        null,
        null,
        null,
        null
      ],
      "/Users/fijimunkii/Projects/kinder/config/initializers/wrap_parameters.rb": [
        null,
        null,
        null,
        null,
        null,
        null,
        1,
        1,
        null,
        null,
        null,
        1,
        1,
        null
      ],
      "/Users/fijimunkii/Projects/kinder/app/controllers/likes_controller.rb": [
        1,
        null,
        1,
        0,
        0,
        0,
        null,
        null,
        1,
        0,
        0,
        0,
        null,
        null,
        1,
        0,
        0,
        null,
        0,
        0,
        null,
        0,
        null,
        null,
        null,
        1,
        0,
        0,
        null,
        0,
        0,
        null,
        0,
        null,
        null,
        null,
        1,
        0,
        0,
        0,
        null,
        null
      ],
      "/Users/fijimunkii/Projects/kinder/app/models/like.rb": [
        null,
        null,
        null,
        null,
        null,
        null,
        null,
        null,
        null,
        null,
        null,
        null,
        1,
        1,
        1,
        null
      ],
      "/Users/fijimunkii/Projects/kinder/app/controllers/sessions_controller.rb": [
        1,
        1,
        null,
        null,
        0,
        0,
        0,
        null,
        null,
        1,
        null,
        0,
        0,
        null,
        null
      ],
      "/Users/fijimunkii/Projects/kinder/app/controllers/welcome_controller.rb": [
        1,
        1,
        null,
        null
      ],
      "/Users/fijimunkii/Projects/kinder/app/models/user.rb": [
        null,
        null,
        null,
        null,
        null,
        null,
        null,
        null,
        null,
        null,
        null,
        null,
        null,
        null,
        null,
        null,
        null,
        null,
        null,
        1,
        1,
        1,
        null,
        1,
        0,
        0,
        0,
        0,
        0,
        0,
        0,
        0,
        0,
        0,
        null,
        null,
        null,
        1,
        9,
        9,
        null,
        null,
        1,
        11,
        11,
        null,
        11,
        null,
        11,
        4,
        4,
        null,
        null,
        11,
        null,
        null
      ],
      "/Users/fijimunkii/Projects/kinder/config/routes.rb": [
        1,
        null,
        1,
        null,
        1,
        1,
        null,
        null,
        1,
        1,
        1,
        null,
        null,
        null,
        null,
        null,
        null,
        null,
        null,
        null,
        null,
        null,
        null,
        null,
        null,
        null,
        null,
        null,
        null,
        null,
        null,
        null,
        null,
        null
      ],
      "/Users/fijimunkii/Projects/kinder/spec/controllers/welcome_controller_spec.rb": [
        1,
        null,
        1,
        null,
        1,
        1,
        1,
        1,
        null,
        null,
        null,
        null
      ],
      "/Users/fijimunkii/Projects/kinder/spec/features/welcome_spec.rb": [
        1,
        null,
        1,
        null,
        1,
        1,
        null,
        null,
        1,
        1,
        1,
        null,
        null,
        null
      ],
      "/Users/fijimunkii/Projects/kinder/spec/models/user_spec.rb": [
        null,
        null,
        null,
        null,
        null,
        null,
        null,
        null,
        null,
        null,
        null,
        null,
        null,
        null,
        null,
        null,
        null,
        null,
        null,
        1,
        null,
        1,
        null,
        1,
        1,
        2,
        2,
        2,
        null,
        1,
        1,
        null,
        1,
        1,
        null,
        null,
        null,
        1,
        1,
        4,
        4,
        4,
        null,
        1,
        1,
        null,
        1,
        1,
        1,
        null,
        1,
        1,
        1,
        1,
        null,
        1,
        1,
        1,
        1,
        null,
        null,
        null,
        null,
        null,
        null
      ],
      "/Users/fijimunkii/Projects/kinder/spec/routing/users_routing_spec.rb": [
        1,
        null,
        1,
        1,
        null,
        1,
        1,
        null,
        null,
        null
      ]
    },
    "timestamp": 1386516823
  }
}
